%!Adobe-FontList 1.18
%Locale:0x409

%BeginFont
Handler:DirectoryHandler
FontType:TrueType
FontName:GillSansMT
FamilyName:Gill Sans MT
StyleName:Regular
MenuName:Gill Sans MT
StyleBits:0
WeightClass:400
WidthClass:5
AngleClass:0
FullName:Gill Sans MT
WritingScript:Roman
OutlineFileName:\GIL_____.TTF
DataFormat:sfntData
hasSVG:no
FileLength:67416
FileModTime:921683260
NameArray:0,Mac,4,Gill Sans MT
NameArray:0,Win,1,Gill Sans MT
%EndFont

%BeginFont
Handler:DirectoryHandler
FontType:TrueType
FontName:GillSans
FamilyName:Gill Sans
StyleName:Regular
MenuName:Gill Sans
StyleBits:0
WeightClass:400
WidthClass:5
AngleClass:0
FullName:Gill Sans
WritingScript:Roman
OutlineFileName:\GillSans.ttc
TTCOffset:60
DataFormat:sfntData
hasSVG:no
FileLength:1220852
FileModTime:1449996184
NameArray:0,Mac,4,Gill Sans
%EndFont

%BeginFont
Handler:DirectoryHandler
FontType:TrueType
FontName:GillSans-Bold
FamilyName:Gill Sans
StyleName:Bold
MenuName:Gill Sans
StyleBits:2
WeightClass:700
WidthClass:5
AngleClass:0
FullName:Gill Sans Bold
WritingScript:Roman
OutlineFileName:\GillSans.ttc
TTCOffset:408
DataFormat:sfntData
hasSVG:no
FileLength:1220852
FileModTime:1449996184
NameArray:0,Mac,4,Gill Sans Bold
%EndFont

%BeginFont
Handler:DirectoryHandler
FontType:TrueType
FontName:GillSans-Italic
FamilyName:Gill Sans
StyleName:Italic
MenuName:Gill Sans
StyleBits:1
WeightClass:400
WidthClass:5
AngleClass:1
FullName:Gill Sans Italic
WritingScript:Roman
OutlineFileName:\GillSans.ttc
TTCOffset:724
DataFormat:sfntData
hasSVG:no
FileLength:1220852
FileModTime:1449996184
NameArray:0,Mac,4,Gill Sans Italic
%EndFont

%BeginFont
Handler:DirectoryHandler
FontType:TrueType
FontName:GillSans-BoldItalic
FamilyName:Gill Sans
StyleName:Bold Italic
MenuName:Gill Sans
StyleBits:3
WeightClass:700
WidthClass:5
AngleClass:1
FullName:Gill Sans Bold Italic
WritingScript:Roman
OutlineFileName:\GillSans.ttc
TTCOffset:1040
DataFormat:sfntData
hasSVG:no
FileLength:1220852
FileModTime:1449996184
NameArray:0,Mac,4,Gill Sans Bold Italic
%EndFont

%BeginFont
Handler:DirectoryHandler
FontType:TrueType
FontName:GillSans-SemiBold
FamilyName:Gill Sans
StyleName:SemiBold
MenuName:Gill Sans
StyleBits:0
WeightClass:600
WidthClass:5
AngleClass:0
FullName:Gill Sans SemiBold
FamilyNameNative:
StyleNameNative:SemiBold
FullNameNative:
WritingScript:Cyrillic
OutlineFileName:\GillSans.ttc
TTCOffset:1356
DataFormat:sfntData
hasSVG:no
FileLength:1220852
FileModTime:1449996184
NameArray:0,Mac,4,Gill Sans SemiBold
NameArray:0,Win,1,Gill Sans
%EndFont

%BeginFont
Handler:DirectoryHandler
FontType:TrueType
FontName:GillSans-SemiBoldItalic
FamilyName:Gill Sans
StyleName:SemiBold Italic
MenuName:Gill Sans
StyleBits:1
WeightClass:600
WidthClass:5
AngleClass:1
FullName:Gill Sans SemiBold Italic
FamilyNameNative:
StyleNameNative:SemiBold Italic
FullNameNative:
WritingScript:Cyrillic
OutlineFileName:\GillSans.ttc
TTCOffset:1608
DataFormat:sfntData
hasSVG:no
FileLength:1220852
FileModTime:1449996184
NameArray:0,Mac,4,Gill Sans SemiBold Italic
NameArray:0,Win,1,Gill Sans
%EndFont

%BeginFont
Handler:DirectoryHandler
FontType:TrueType
FontName:GillSans-UltraBold
FamilyName:Gill Sans
StyleName:UltraBold
MenuName:Gill Sans
StyleBits:0
WeightClass:1000
WidthClass:5
AngleClass:0
FullName:Gill Sans UltraBold
WritingScript:Roman
OutlineFileName:\GillSans.ttc
TTCOffset:1860
DataFormat:sfntData
hasSVG:no
FileLength:1220852
FileModTime:1449996184
NameArray:0,Mac,4,Gill Sans UltraBold
NameArray:0,Win,16,Gill Sans
%EndFont

%BeginFont
Handler:DirectoryHandler
FontType:TrueType
FontName:GillSans-Light
FamilyName:Gill Sans
StyleName:Light
MenuName:Gill Sans
StyleBits:0
WeightClass:300
WidthClass:5
AngleClass:0
FullName:Gill Sans Light
WritingScript:Roman
OutlineFileName:\GillSans.ttc
TTCOffset:2144
DataFormat:sfntData
hasSVG:no
FileLength:1220852
FileModTime:1449996184
NameArray:0,Mac,4,Gill Sans Light
%EndFont

%BeginFont
Handler:DirectoryHandler
FontType:TrueType
FontName:GillSans-LightItalic
FamilyName:Gill Sans
StyleName:Light Italic
MenuName:Gill Sans
StyleBits:1
WeightClass:300
WidthClass:5
AngleClass:1
FullName:Gill Sans Light Italic
WritingScript:Roman
OutlineFileName:\GillSans.ttc
TTCOffset:2460
DataFormat:sfntData
hasSVG:no
FileLength:1220852
FileModTime:1449996184
NameArray:0,Mac,4,Gill Sans Light Italic
%EndFont

%BeginFont
Handler:DirectoryHandler
FontType:Type1
FontName:Gotham-Light
FamilyName:Gotham
StyleName:Regular
MenuName:Gotham
StyleBits:0
WeightClass:400
WidthClass:5
AngleClass:0
FullName:Gotham
WritingScript:Roman
OutlineFileName:\Gotham-Light_0(1).otf
DataFormat:sfntData
UsesStandardEncoding:yes
isCFF:yes
hasSVG:no
FileLength:21324
FileModTime:1436504258
NameArray:0,Mac,4,Gotham
NameArray:0,Win,1,Gotham
%EndFont

%BeginFont
Handler:DirectoryHandler
FontType:Type1
FontName:LeagueSpartan-Bold
FamilyName:League Spartan
StyleName:Bold
MenuName:League Spartan
StyleBits:0
WeightClass:700
WidthClass:5
AngleClass:0
FullName:League Spartan Bold
WritingScript:Roman
OutlineFileName:\LeagueSpartan-Bold.otf
DataFormat:sfntData
UsesStandardEncoding:yes
isCFF:yes
hasSVG:no
FileLength:25296
FileModTime:1411339482
NameArray:0,Mac,4,League Spartan Bold
NameArray:0,Win,1,League Spartan
%EndFont

%BeginFont
Handler:DirectoryHandler
FontType:Type1
FontName:MinionPro-Regular
FamilyName:Minion Pro
StyleName:Regular
MenuName:Minion Pro
StyleBits:0
WeightClass:400
WidthClass:5
AngleClass:0
FullName:Minion Pro
WritingScript:Roman
OutlineFileName:\MinionPro-Regular.otf
DataFormat:sfntData
UsesStandardEncoding:yes
isCFF:yes
hasSVG:no
FileLength:217280
FileModTime:1329308120
DesignSize:110
NameArray:0,Mac,4,Minion Pro
NameArray:0,Win,1,Minion Pro
%EndFont

